<?xml version="1.0" encoding="UTF-8"?>
<testsuite failures="0"
           name="karate syntax"
           skipped="0"
           tests="1"
           time="0.002828">
   <testcase classname="demo.cats.syntax-demo"
             name="demo of json handling"
             time="0.002828">
      <system-out>* def billie =..............................................................passed
* match billie.kittens contains { id: 42, name: 'Wild' }....................passed
* match billie.kittens contains { id: '#? _ &gt; 25', name: '#string' }........passed
</system-out>
   </testcase>
</testsuite>
