<?xml version="1.0" encoding="UTF-8"?>
<testsuite failures="0"
           name="greeting end-point"
           skipped="0"
           tests="2"
           time="0.036512">
   <testcase classname="demo.greeting.greeting"
             name="get default greeting"
             time="0.01965">
      <system-out>* url demoBaseUrl...........................................................passed
Given path 'greeting'.......................................................passed
When method get.............................................................passed
Then status 200.............................................................passed
And match response == { id: '#number', content: 'Hello World!' }............passed
</system-out>
   </testcase>
   <testcase classname="demo.greeting.greeting"
             name="get custom greeting"
             time="0.016862">
      <system-out>* url demoBaseUrl...........................................................passed
Given path 'greeting'.......................................................passed
And param name = 'Billie'...................................................passed
When method get.............................................................passed
Then status 200.............................................................passed
And match response == { id: '#number', content: 'Hello Billie!' }...........passed
</system-out>
   </testcase>
</testsuite>
