<?xml version="1.0" encoding="UTF-8"?>
<testsuite failures="0"
           name="the karate-config.js can perform 'singleton' style one-time init of auth"
           skipped="0"
           tests="1"
           time="0.026902">
   <testcase classname="demo.headers.headers-single"
             name="no extra config - they have been set automatically by the background"
             time="0.026902">
      <system-out>* url demoBaseUrl...........................................................passed
* def time = authInfo.authTime..............................................passed
* def token = authInfo.authToken............................................passed
* cookie time = time........................................................passed
* configure headers = read('classpath:headers.js')..........................passed
Given path 'headers', token.................................................passed
And param url = demoBaseUrl.................................................passed
When method get.............................................................passed
Then status 200.............................................................passed
</system-out>
   </testcase>
</testsuite>
