<?xml version="1.0" encoding="UTF-8"?>
<testsuite failures="0"
           name="multipart fields (multiple)"
           skipped="0"
           tests="1"
           time="0.023995">
   <testcase classname="demo.upload.upload-multiple-fields"
             name="upload multiple fields"
             time="0.023995">
      <system-out>* url demoBaseUrl...........................................................passed
Given path 'files', 'fields'................................................passed
And multipart fields { message: 'hello world', json: { foo: 'bar' } }.......passed
When method post............................................................passed
Then status 200.............................................................passed
And match response == { message: 'hello world', json: { foo: 'bar' } }......passed
</system-out>
   </testcase>
</testsuite>
