<?xml version="1.0" encoding="UTF-8"?>
<testsuite failures="0"
           name="ensure that a callonce and a header in the background"
           skipped="0"
           tests="2"
           time="0.050142">
   <testcase classname="demo.headers.callonce-background-multiscenario"
             name="first scenario"
             time="0.039483">
      <system-out>* call [common routine that does not update headers] common-noheaders.feature.passed
Given url demoBaseUrl.......................................................passed
And path 'headers'..........................................................passed
When method get.............................................................passed
Then status 200.............................................................passed
* def time = responseCookies.time.value.....................................passed
* def token = response......................................................passed
* def setup = callonce read('common-noheaders.feature').....................passed
* def authToken = (setup.token + setup.time)................................passed
* header Authorization = authToken + demoBaseUrl............................passed
* cookie time = setup.time..................................................passed
* url demoBaseUrl...........................................................passed
Given path 'headers', setup.token...........................................passed
And param url = demoBaseUrl.................................................passed
When method get.............................................................passed
Then status 200.............................................................passed
</system-out>
   </testcase>
   <testcase classname="demo.headers.callonce-background-multiscenario"
             name="second scenario"
             time="0.010659">
      <system-out>* def setup = callonce read('common-noheaders.feature').....................passed
* def authToken = (setup.token + setup.time)................................passed
* header Authorization = authToken + demoBaseUrl............................passed
* cookie time = setup.time..................................................passed
* url demoBaseUrl...........................................................passed
Given path 'headers', setup.token...........................................passed
And param url = demoBaseUrl.................................................passed
When method get.............................................................passed
Then status 200.............................................................passed
</system-out>
   </testcase>
</testsuite>
