<?xml version="1.0" encoding="UTF-8"?>
<testsuite failures="0"
           name="test delete"
           skipped="0"
           tests="2"
           time="0.080958">
   <testcase classname="demo.delete.delete"
             name="normal delete without a body"
             time="0.05554">
      <system-out>* url demoBaseUrl...........................................................passed
Given path 'cats'...........................................................passed
And request { name: 'Billie' }..............................................passed
When method post............................................................passed
Then status 200.............................................................passed
* def cat = response........................................................passed
Given path 'cats', cat.id...................................................passed
When method delete..........................................................passed
Then status 200.............................................................passed
</system-out>
   </testcase>
   <testcase classname="demo.delete.delete"
             name="delete with a request body"
             time="0.025418">
      <system-out>* url demoBaseUrl...........................................................passed
Given path 'cats'...........................................................passed
And request { name: 'Billie' }..............................................passed
When method post............................................................passed
Then status 200.............................................................passed
* def cat = response........................................................passed
Given path 'cats'...........................................................passed
And request cat.............................................................passed
When method delete..........................................................passed
Then status 200.............................................................passed
</system-out>
   </testcase>
</testsuite>
