<?xml version="1.0" encoding="UTF-8"?>
<testsuite failures="0"
           name="headers with a form field and method get"
           skipped="0"
           tests="1"
           time="0.011873">
   <testcase classname="demo.headers.headers-form-get" name="1" time="0.011873">
      <system-out>Given url demoBaseUrl.......................................................passed
And path 'search', 'headers'................................................passed
And header Authorization = 'foo'............................................passed
And form field q = 'bar'....................................................passed
When method get.............................................................passed
Then status 200.............................................................passed
And match response contains { authorization: ['foo'] }......................passed
</system-out>
   </testcase>
</testsuite>
