<?xml version="1.0" encoding="UTF-8"?>
<testsuite failures="0"
           name="modifying cookies"
           skipped="0"
           tests="4"
           time="0.228981">
   <testcase classname="demo.cookies.cookies" name="no cookies" time="0.05148">
      <system-out>* url demoBaseUrl...........................................................passed
Given path 'search', 'cookies'..............................................passed
When method get.............................................................passed
Then status 200.............................................................passed
And match response == []....................................................passed
</system-out>
   </testcase>
   <testcase classname="demo.cookies.cookies"
             name="one cookie, and it is sent automatically in the next request"
             time="0.111133">
      <system-out>* url demoBaseUrl...........................................................passed
Given path 'search', 'cookies'..............................................passed
And cookie foo = 'bar'......................................................passed
When method get.............................................................passed
Then status 200.............................................................passed
And match response == '#[1]'................................................passed
And match response[0] contains { name: 'foo', value: 'bar' }................passed
Given path 'search', 'cookies'..............................................passed
And request {}..............................................................passed
When method post............................................................passed
Then status 200.............................................................passed
And match response == '#[1]'................................................passed
And match response[0] contains { name: 'foo', value: 'bar' }................passed
* print 'cookies: ', responseCookies........................................passed
* configure cookies = null..................................................passed
Given path 'search', 'cookies'..............................................passed
When method get.............................................................passed
Then status 200.............................................................passed
And match response == []....................................................passed
Given path 'search', 'cookies'..............................................passed
And cookie foo = 'blah'.....................................................passed
And request {}..............................................................passed
When method post............................................................passed
And match response == '#[1]'................................................passed
And match response[0] contains { name: 'foo', value: 'blah' }...............passed
</system-out>
   </testcase>
   <testcase classname="demo.cookies.cookies"
             name="cookie as json"
             time="0.029346">
      <system-out>* url demoBaseUrl...........................................................passed
Given path 'search', 'cookies'..............................................passed
And cookie foo = { value: 'bar' }...........................................passed
When method get.............................................................passed
Then status 200.............................................................passed
And match response[0] contains { name: 'foo', value: 'bar' }................passed
</system-out>
   </testcase>
   <testcase classname="demo.cookies.cookies"
             name="cookie returned has dots in the domain which violates RFC 2109"
             time="0.037022">
      <system-out>* url demoBaseUrl...........................................................passed
Given path 'search', 'cookies'..............................................passed
And cookie foo = { value: 'bar' }...........................................passed
And param domain = '.abc.com'...............................................passed
When method get.............................................................passed
Then status 200.............................................................passed
And match response[0] contains { name: 'foo', value: 'bar', domain: '.abc.com' }.passed
</system-out>
   </testcase>
</testsuite>
