<?xml version="1.0" encoding="UTF-8"?>
<testsuite failures="0"
           name="a called feature can 'contribute' to variables and config"
           skipped="0"
           tests="3"
           time="0.334198">
   <testcase classname="demo.headers.call-updates-config"
             name="no extra config - they have been set automatically by 'common.feature'"
             time="0.308687">
      <system-out>* call [common routine that updates the configured headers and cookies] common.feature.passed
Given url demoBaseUrl.......................................................passed
And path 'headers'..........................................................passed
When method get.............................................................passed
Then status 200.............................................................passed
* def time = responseCookies.time.value.....................................passed
* def token = response......................................................passed
* configure headers = read('classpath:headers.js')..........................passed
* callonce read('common.feature')...........................................passed
* url demoBaseUrl...........................................................passed
Given path 'headers', token.................................................passed
And param url = demoBaseUrl.................................................passed
When method get.............................................................passed
Then status 200.............................................................passed
</system-out>
   </testcase>
   <testcase classname="demo.headers.call-updates-config"
             name="make sure that the second scenario works as well with callonce"
             time="0.01094">
      <system-out>* callonce read('common.feature')...........................................passed
* url demoBaseUrl...........................................................passed
Given path 'headers', token.................................................passed
And param url = demoBaseUrl.................................................passed
When method get.............................................................passed
Then status 200.............................................................passed
</system-out>
   </testcase>
   <testcase classname="demo.headers.call-updates-config"
             name="here we erase the configured headers to get a 400"
             time="0.014571">
      <system-out>* callonce read('common.feature')...........................................passed
* url demoBaseUrl...........................................................passed
* configure headers = null..................................................passed
Given path 'headers', token.................................................passed
And param url = demoBaseUrl.................................................passed
When method get.............................................................passed
Then status 400.............................................................passed
</system-out>
   </testcase>
</testsuite>
