<?xml version="1.0" encoding="UTF-8"?>
<testsuite failures="0"
           name="when not using 'shared scope', 'configure headers' may need to be"
           skipped="0"
           tests="2"
           time="0.342457">
   <testcase classname="demo.headers.call-isolated-headers"
             name="all auth headers have been set via the background and 'common-multiple.feature'"
             time="0.331349">
      <system-out>* configure headers = read('classpath:headers.js')..........................passed
* call [common routine that updates the configured headers and cookies] common-multiple.feature.passed
Given url demoBaseUrl.......................................................passed
And path 'headers'..........................................................passed
When method get.............................................................passed
Then status 200.............................................................passed
* configure headers = read('classpath:headers.js')..........................passed
* def time = responseCookies.time.value.....................................passed
* def token = response......................................................passed
Given path 'headers', token.................................................passed
And param url = demoBaseUrl.................................................passed
When method get.............................................................passed
Then status 200.............................................................passed
* def setup = callonce read('common-multiple.feature')......................passed
* def time = setup.time.....................................................passed
* def token = setup.token...................................................passed
* cookie time = setup.time..................................................passed
* url demoBaseUrl...........................................................passed
Given path 'headers', token.................................................passed
And param url = demoBaseUrl.................................................passed
When method get.............................................................passed
Then status 200.............................................................passed
</system-out>
   </testcase>
   <testcase classname="demo.headers.call-isolated-headers"
             name="make sure that the second scenario also works well with the 'callonce' in the background"
             time="0.011108">
      <system-out>* configure headers = read('classpath:headers.js')..........................passed
* def setup = callonce read('common-multiple.feature')......................passed
* def time = setup.time.....................................................passed
* def token = setup.token...................................................passed
* cookie time = setup.time..................................................passed
* url demoBaseUrl...........................................................passed
Given path 'headers', token.................................................passed
And param url = demoBaseUrl.................................................passed
When method get.............................................................passed
Then status 200.............................................................passed
</system-out>
   </testcase>
</testsuite>
