<?xml version="1.0" encoding="UTF-8"?>
<testsuite failures="0"
           name="demo reading files and using in a test"
           skipped="0"
           tests="2"
           time="0.139101">
   <testcase classname="demo.read.read-files"
             name="using json from a file"
             time="0.061361">
      <system-out>* url demoBaseUrl...........................................................passed
* path 'echo'...............................................................passed
* table employees...........................................................passed
Given request ({ employees: employees })....................................passed
When method post............................................................passed
Then status 200.............................................................passed
And match $ == read('sample.json')..........................................passed
</system-out>
   </testcase>
   <testcase classname="demo.read.read-files"
             name="using xml from a file"
             time="0.07774">
      <system-out>* url demoBaseUrl...........................................................passed
* path 'echo'...............................................................passed
* set payload /employees....................................................passed
Given request payload.......................................................passed
When method post............................................................passed
Then status 200.............................................................passed
And match / == read('sample.xml')...........................................passed
</system-out>
   </testcase>
</testsuite>
