<?xml version="1.0" encoding="UTF-8"?>
<testsuite failures="0"
           name="parameters (also see the search demo)"
           skipped="0"
           tests="5"
           time="0.155127">
   <testcase classname="demo.params.params"
             name="first scenario as an outline (1)"
             time="0.012696">
      <system-out>Given url demoBaseUrl.......................................................passed
And path 'echo'.............................................................passed
And param p = 'a'...........................................................passed
When method get.............................................................passed
Then status 200.............................................................passed
And match response == { p: ['a'] }..........................................passed
</system-out>
   </testcase>
   <testcase classname="demo.params.params"
             name="first scenario as an outline (2)"
             time="0.010805">
      <system-out>Given url demoBaseUrl.......................................................passed
And path 'echo'.............................................................passed
And param p = ['a', 'b']....................................................passed
When method get.............................................................passed
Then status 200.............................................................passed
And match response == { p: ['a', 'b'] }.....................................passed
</system-out>
   </testcase>
   <testcase classname="demo.params.params"
             name="comma delimited param value (normal)"
             time="0.037435">
      <system-out>Given url demoBaseUrl.......................................................passed
And path 'echo'.............................................................passed
And param fieldList = 'name,id,date_created,date_modified,created_id,modified_id'.passed
When method get.............................................................passed
Then status 200.............................................................passed
And match response.fieldList[0] == 'name,id,date_created,date_modified,created_id,modified_id'.passed
</system-out>
   </testcase>
   <testcase classname="demo.params.params"
             name="comma delimited param value (in url)"
             time="0.040542">
      <system-out>Given url demoBaseUrl + '?fieldList=name,id,date_created,date_modified,created_id,modified_id'.passed
And path 'echo'.............................................................passed
When method get.............................................................passed
Then status 200.............................................................passed
And match response.fieldList[0] == 'name,id,date_created,date_modified,created_id,modified_id'.passed
</system-out>
   </testcase>
   <testcase classname="demo.params.params"
             name="parameter which is an array and dynamic"
             time="0.053649">
      <system-out>* def fun =.................................................................passed
* json array = fun()........................................................passed
Given url demoBaseUrl.......................................................passed
And path 'echo'.............................................................passed
And params { pl: '#(array)' }...............................................passed
When method get.............................................................passed
Then status 200.............................................................passed
And match response == { pl: ['r', 'r', 'r', 'r', 'r'] }.....................passed
</system-out>
   </testcase>
</testsuite>
