<?xml version="1.0" encoding="UTF-8"?>
<testsuite failures="0"
           name="exotic content-type situations"
           skipped="0"
           tests="7"
           time="0.125034">
   <testcase classname="demo.headers.content-type"
             name="json post with charset"
             time="0.030602">
      <system-out>* url demoBaseUrl...........................................................passed
Given path 'search', 'headers'..............................................passed
And header Content-Type = 'application/json; charset=utf-8'.................passed
And request { foo: 'bar' }..................................................passed
When method post............................................................passed
Then status 200.............................................................passed
* def temp = response['content-type'][0].toLowerCase()......................passed
* assert temp.contains('application/json;').................................passed
* assert temp.contains('charset=utf-8').....................................passed
</system-out>
   </testcase>
   <testcase classname="demo.headers.content-type"
             name="form post with charset"
             time="0.012965">
      <system-out>* url demoBaseUrl...........................................................passed
Given path 'search', 'headers'..............................................passed
And header Content-Type = 'application/x-www-form-urlencoded; charset=utf-8'.passed
And form field foo = 'bar'..................................................passed
When method post............................................................passed
Then status 200.............................................................passed
* def temp = response['content-type'][0].toLowerCase()......................passed
* assert temp.contains('application/x-www-form-urlencoded;')................passed
* assert temp.contains('charset=utf-8').....................................passed
</system-out>
   </testcase>
   <testcase classname="demo.headers.content-type"
             name="json post with with charset and version"
             time="0.012353">
      <system-out>* url demoBaseUrl...........................................................passed
Given path 'search', 'headers'..............................................passed
And header Content-Type = 'application/json; charset=utf-8; version=1.2.3'..passed
And request { foo: 'bar' }..................................................passed
When method post............................................................passed
Then status 200.............................................................passed
* def temp = response['content-type'][0].toLowerCase()......................passed
* assert temp.contains('application/json;').................................passed
* assert temp.contains('charset=utf-8').....................................passed
* assert temp.contains('version=1.2.3').....................................passed
</system-out>
   </testcase>
   <testcase classname="demo.headers.content-type"
             name="json post with with unusual content-type and parameter"
             time="0.016133">
      <system-out>* url demoBaseUrl...........................................................passed
Given path 'search', 'headers'..............................................passed
And header Content-Type = 'application/vnd.app.test+json;ton-version=1'.....passed
And request { foo: 'bar' }..................................................passed
When method post............................................................passed
Then status 200.............................................................passed
* def temp = response['content-type'][0].toLowerCase()......................passed
* assert temp.contains('application/vnd.app.test+json;')....................passed
* assert temp.contains('charset=utf-8').....................................passed
* assert temp.contains('ton-version=1').....................................passed
</system-out>
   </testcase>
   <testcase classname="demo.headers.content-type"
             name="empty string as content-type"
             time="0.016802">
      <system-out>* url demoBaseUrl...........................................................passed
Given path 'search', 'headers'..............................................passed
And header Content-Type = ''................................................passed
And request { foo: 'bar' }..................................................passed
When method post............................................................passed
Then status 200.............................................................passed
* def temp = response['content-type'][0]....................................passed
* assert temp == ''.........................................................passed
</system-out>
   </testcase>
   <testcase classname="demo.headers.content-type"
             name="json post with header but NO charset"
             time="0.019771">
      <system-out>* url demoBaseUrl...........................................................passed
Given path 'search', 'headers'..............................................passed
And configure charset = null................................................passed
And header Content-Type = 'application/json'................................passed
And request { foo: 'bar' }..................................................passed
When method post............................................................passed
Then status 200.............................................................passed
* def temp = response['content-type'][0].toLowerCase()......................passed
* assert temp.contains('application/json')..................................passed
* assert !temp.contains('charset=utf-8')....................................passed
</system-out>
   </testcase>
   <testcase classname="demo.headers.content-type"
             name="json post with default header but NO charset"
             time="0.016408">
      <system-out>* url demoBaseUrl...........................................................passed
Given path 'search', 'headers'..............................................passed
And configure charset = null................................................passed
And request { foo: 'bar' }..................................................passed
When method post............................................................passed
Then status 200.............................................................passed
* def temp = response['content-type'][0].toLowerCase()......................passed
* assert temp.contains('application/json')..................................passed
* assert !temp.contains('charset=utf-8')....................................passed
</system-out>
   </testcase>
</testsuite>
