<?xml version="1.0" encoding="UTF-8"?>
<testsuite failures="0"
           name="a called feature will not clobber the parent context"
           skipped="0"
           tests="5"
           time="0.379804">
   <testcase classname="demo.headers.call-isolated-config"
             name="fail with a 400 since the header was not set"
             time="0.312504">
      <system-out>* call [common routine that updates the configured headers and cookies] common.feature.passed
Given url demoBaseUrl.......................................................passed
And path 'headers'..........................................................passed
When method get.............................................................passed
Then status 200.............................................................passed
* def time = responseCookies.time.value.....................................passed
* def token = response......................................................passed
* configure headers = read('classpath:headers.js')..........................passed
* def setup = callonce read('common.feature')...............................passed
* url demoBaseUrl...........................................................passed
Given path 'headers', setup.token...........................................passed
And param url = demoBaseUrl.................................................passed
When method get.............................................................passed
Then status 400.............................................................passed
</system-out>
   </testcase>
   <testcase classname="demo.headers.call-isolated-config"
             name="fail with a 400 since the cookie was not set"
             time="0.022755">
      <system-out>* def setup = callonce read('common.feature')...............................passed
* url demoBaseUrl...........................................................passed
* configure headers = { Authorization: '#(setup.token + setup.time + demoBaseUrl)' }.passed
Given path 'headers', setup.token...........................................passed
And param url = demoBaseUrl.................................................passed
When method get.............................................................passed
Then status 400.............................................................passed
</system-out>
   </testcase>
   <testcase classname="demo.headers.call-isolated-config"
             name="manually set header and cookie to pass"
             time="0.011713">
      <system-out>* def setup = callonce read('common.feature')...............................passed
* url demoBaseUrl...........................................................passed
* headers { Authorization: '#(setup.token + setup.time + demoBaseUrl)' }....passed
* cookie time = setup.time..................................................passed
Given path 'headers', setup.token...........................................passed
And param url = demoBaseUrl.................................................passed
When method get.............................................................passed
Then status 200.............................................................passed
</system-out>
   </testcase>
   <testcase classname="demo.headers.call-isolated-config"
             name="alternative way of setting headers and cookies 1"
             time="0.011399">
      <system-out>* def setup = callonce read('common.feature')...............................passed
* url demoBaseUrl...........................................................passed
* configure headers = { Authorization: '#(setup.token + setup.time + demoBaseUrl)' }.passed
* configure cookies = { time: '#(setup.time)' }.............................passed
Given path 'headers', setup.token...........................................passed
And param url = demoBaseUrl.................................................passed
When method get.............................................................passed
Then status 200.............................................................passed
</system-out>
   </testcase>
   <testcase classname="demo.headers.call-isolated-config"
             name="alternative way of setting headers and cookies 2"
             time="0.021433">
      <system-out>* def setup = callonce read('common.feature')...............................passed
* url demoBaseUrl...........................................................passed
* header Authorization = (setup.token + setup.time + demoBaseUrl)...........passed
* cookies { time: '#(setup.time)' }.........................................passed
Given path 'headers', setup.token...........................................passed
And param url = demoBaseUrl.................................................passed
When method get.............................................................passed
Then status 200.............................................................passed
</system-out>
   </testcase>
</testsuite>
