<?xml version="1.0" encoding="UTF-8"?>
<testsuite failures="0"
           name="tags demo - second"
           skipped="0"
           tests="2"
           time="0.021273">
   <testcase classname="demo.tags.second" name="f2 - s1" time="0.011178">
      <system-out>* print 'second feature, first scenario'....................................passed
</system-out>
   </testcase>
   <testcase classname="demo.tags.second" name="f2 - s2" time="0.010095">
      <system-out>* print 'second feature, second scenario:@smoke @fire'......................passed
</system-out>
   </testcase>
</testsuite>
