<?xml version="1.0" encoding="UTF-8"?>
<testsuite failures="0"
           name="test graphql end pointss"
           skipped="0"
           tests="1"
           time="0.779806">
   <testcase classname="demo.graphql.graphql"
             name="simple graphql request"
             time="0.779806">
      <system-out>* url 'http://45.55.45.137:9999/graphql'....................................passed
Given text query =..........................................................passed
And request { query: '#(query)' }...........................................passed
And header Authorization = 'Bearer ODg2NWNjMDktOWE3YS00MWZlLWE4ZDItMmFhY2FkMTJmZDQ3'.passed
And header Accept = 'application/json'......................................passed
When method post............................................................passed
Then status 200.............................................................passed
* print 'response:', response...............................................passed
</system-out>
   </testcase>
</testsuite>
