<?xml version="1.0" encoding="UTF-8"?>
<testsuite failures="0"
           name="create kittens"
           skipped="0"
           tests="1"
           time="1.260736">
   <testcase classname="demo.callfeature.create-two-cats"
             name="create kittens"
             time="1.260736">
      <system-out>* url demoBaseUrl...........................................................passed
Given path 'cats'...........................................................passed
And request { name: 'Bob' }.................................................passed
When method post............................................................passed
Then status 200.............................................................passed
And def bob = response......................................................passed
Given path 'cats'...........................................................passed
And request { name: 'Wild' }................................................passed
When method post............................................................passed
Then status 200.............................................................passed
And def wild = response.....................................................passed
</system-out>
   </testcase>
</testsuite>
