<?xml version="1.0" encoding="UTF-8"?>
<testsuite failures="0"
           name="headers configured in the background apply for all scenarios"
           skipped="0"
           tests="2"
           time="0.034954">
   <testcase classname="demo.headers.headers-background-configure"
             name="first"
             time="0.017512">
      <system-out>Given url demoBaseUrl.......................................................passed
And path 'headers'..........................................................passed
When method get.............................................................passed
Then status 200.............................................................passed
And def token = response....................................................passed
And def time = responseCookies.time.value...................................passed
* configure headers = read('classpath:headers.js')..........................passed
Given path 'headers', token.................................................passed
And param url = demoBaseUrl.................................................passed
When method get.............................................................passed
Then status 200.............................................................passed
</system-out>
   </testcase>
   <testcase classname="demo.headers.headers-background-configure"
             name="second"
             time="0.017442">
      <system-out>Given url demoBaseUrl.......................................................passed
And path 'headers'..........................................................passed
When method get.............................................................passed
Then status 200.............................................................passed
And def token = response....................................................passed
And def time = responseCookies.time.value...................................passed
* configure headers = read('classpath:headers.js')..........................passed
Given path 'headers', token.................................................passed
And param url = demoBaseUrl.................................................passed
When method get.............................................................passed
Then status 200.............................................................passed
</system-out>
   </testcase>
</testsuite>
