<?xml version="1.0" encoding="UTF-8"?>
<testsuite failures="0"
           name="test sending a null with the headers keyword"
           skipped="0"
           tests="1"
           time="0.01772">
   <testcase classname="demo.headers.null-header" name="1" time="0.01772">
      <system-out>* def blah = null...........................................................passed
Given url demoBaseUrl.......................................................passed
And path 'search', 'headers'................................................passed
And headers { foo: 'bar', blah: '#(blah)' }.................................passed
When method get.............................................................passed
Then status 200.............................................................passed
And match response contains { foo: ['bar'] }................................passed
And match response !contains { blah: '#notnull' }...........................passed
</system-out>
   </testcase>
</testsuite>
