<?xml version="1.0" encoding="UTF-8"?>
<testsuite failures="0"
           name="calling another feature file in a loop"
           skipped="0"
           tests="1"
           time="1.403647">
   <testcase classname="demo.callarray.call-json-array"
             name="create parent cat using kittens"
             time="1.403647">
      <system-out>* url demoBaseUrl...........................................................passed
* def creator = read('kitten-create.feature')...............................passed
* def kittens = read('kittens.json')........................................passed
* call[0] [re-usable feature to create a single cat] kitten-create.feature..passed
Given url demoBaseUrl.......................................................passed
And path 'cats'.............................................................passed
And request { name: '#(name)' }.............................................passed
When method post............................................................passed
Then status 200.............................................................passed
* call[1] [re-usable feature to create a single cat] kitten-create.feature..passed
Given url demoBaseUrl.......................................................passed
And path 'cats'.............................................................passed
And request { name: '#(name)' }.............................................passed
When method post............................................................passed
Then status 200.............................................................passed
* call[2] [re-usable feature to create a single cat] kitten-create.feature..passed
Given url demoBaseUrl.......................................................passed
And path 'cats'.............................................................passed
And request { name: '#(name)' }.............................................passed
When method post............................................................passed
Then status 200.............................................................passed
* call[3] [re-usable feature to create a single cat] kitten-create.feature..passed
Given url demoBaseUrl.......................................................passed
And path 'cats'.............................................................passed
And request { name: '#(name)' }.............................................passed
When method post............................................................passed
Then status 200.............................................................passed
* call[4] [re-usable feature to create a single cat] kitten-create.feature..passed
Given url demoBaseUrl.......................................................passed
And path 'cats'.............................................................passed
And request { name: '#(name)' }.............................................passed
When method post............................................................passed
Then status 200.............................................................passed
* call[5] [re-usable feature to create a single cat] kitten-create.feature..passed
Given url demoBaseUrl.......................................................passed
And path 'cats'.............................................................passed
And request { name: '#(name)' }.............................................passed
When method post............................................................passed
Then status 200.............................................................passed
* def result = call creator kittens.........................................passed
* def created = $result[*].response.........................................passed
Given path 'cats'...........................................................passed
And request { name: 'Billie', kittens: '#(created)' }.......................passed
When method post............................................................passed
Then status 200.............................................................passed
And def billie = response...................................................passed
Given path 'cats', billie.id, 'kittens'.....................................passed
When method get.............................................................passed
Then status 200.............................................................passed
And match each response == { id: '#number', name: '#string' }...............passed
And match response[*].name contains ['LOL', 'Nyan'].........................passed
And assert response.length == 6.............................................passed
</system-out>
   </testcase>
</testsuite>
