<?xml version="1.0" encoding="UTF-8"?>
<testsuite failures="0"
           name="error simulation"
           skipped="0"
           tests="2"
           time="0.117949">
   <testcase classname="demo.error.error"
             name="malformed json request"
             time="0.080174">
      <system-out>* url demoBaseUrl...........................................................passed
Given path 'cats'...........................................................passed
And header Content-Type = 'application/json'................................passed
And request '{ "name": }'...................................................passed
When method post............................................................passed
Then status 400.............................................................passed
</system-out>
   </testcase>
   <testcase classname="demo.error.error"
             name="malformed json response"
             time="0.037775">
      <system-out>* url demoBaseUrl...........................................................passed
Given path 'echo'...........................................................passed
And request '{ "foo": }'....................................................passed
When method post............................................................passed
Then status 200.............................................................passed
And match response == '{ "foo": }'..........................................passed
</system-out>
   </testcase>
</testsuite>
