<?xml version="1.0" encoding="UTF-8"?>
<testsuite failures="0"
           name="csrf and sign-in end point"
           skipped="0"
           tests="3"
           time="0.180358">
   <testcase classname="demo.signin.sign-in"
             name="html url encoded form submit - post"
             time="0.110215">
      <system-out>* url demoBaseUrl...........................................................passed
Given path 'signin', 'token'................................................passed
When method get.............................................................passed
Then status 200.............................................................passed
And header X-CSRF-TOKEN = response..........................................passed
Given path 'signin'.........................................................passed
And form field username = 'john'............................................passed
And form field password = 'secret'..........................................passed
When method post............................................................passed
Then status 200.............................................................passed
And match response == 'success'.............................................passed
</system-out>
   </testcase>
   <testcase classname="demo.signin.sign-in"
             name="html url encoded form submit - get"
             time="0.03681">
      <system-out>* url demoBaseUrl...........................................................passed
Given path 'signin', 'token'................................................passed
When method get.............................................................passed
Then status 200.............................................................passed
And header X-CSRF-TOKEN = response..........................................passed
Given path 'signin'.........................................................passed
And form field username = 'john'............................................passed
And form field password = 'secret'..........................................passed
When method get.............................................................passed
Then status 200.............................................................passed
And match response == 'success'.............................................passed
</system-out>
   </testcase>
   <testcase classname="demo.signin.sign-in"
             name="html url encoded form submit - manually forming the request / NOT using 'form field'"
             time="0.033333">
      <system-out>* url demoBaseUrl...........................................................passed
Given path 'signin', 'token'................................................passed
When method get.............................................................passed
Then status 200.............................................................passed
And header X-CSRF-TOKEN = response..........................................passed
Given path 'signin'.........................................................passed
And request 'username=john&amp;password=secret'.................................passed
And header Content-Type = 'application/x-www-form-urlencoded'...............passed
When method post............................................................passed
Then status 200.............................................................passed
And match response == 'success'.............................................passed
</system-out>
   </testcase>
</testsuite>
