<?xml version="1.0" encoding="UTF-8"?>
<testsuite failures="0"
           name="cats end-point"
           skipped="0"
           tests="1"
           time="0.057146">
   <testcase classname="demo.java.cats-java"
             name="pass json to java"
             time="0.057146">
      <system-out>* url demoBaseUrl...........................................................passed
* def JavaDemo = Java.type('com.intuit.karate.demo.util.JavaDemo')..........passed
Given path 'cats'...........................................................passed
And request { name: 'Sillie' }..............................................passed
When method post............................................................passed
Then status 200.............................................................passed
* def name = JavaDemo.getName(response).....................................passed
* assert name == 'Sillie'...................................................passed
Given path 'cats'...........................................................passed
When method get.............................................................passed
Then status 200.............................................................passed
* def names = JavaDemo.getNames(response)...................................passed
* match names contains ['Sillie']...........................................passed
</system-out>
   </testcase>
</testsuite>
