<?xml version="1.0" encoding="UTF-8"?>
<testsuite failures="0"
           name="dynamically creating json for a data-driven test"
           skipped="0"
           tests="1"
           time="1.509172">
   <testcase classname="demo.calldynamic.call-dynamic-json"
             name="create kittens and validate"
             time="1.509172">
      <system-out>* url demoBaseUrl...........................................................passed
* def creator = read('../callarray/kitten-create.feature')..................passed
* def kittensFn =...........................................................passed
* def kittens = call kittensFn 5............................................passed
* call[0] [re-usable feature to create a single cat] ../callarray/kitten-create.feature.passed
Given url demoBaseUrl.......................................................passed
And path 'cats'.............................................................passed
And request { name: '#(name)' }.............................................passed
When method post............................................................passed
Then status 200.............................................................passed
* call[1] [re-usable feature to create a single cat] ../callarray/kitten-create.feature.passed
Given url demoBaseUrl.......................................................passed
And path 'cats'.............................................................passed
And request { name: '#(name)' }.............................................passed
When method post............................................................passed
Then status 200.............................................................passed
* call[2] [re-usable feature to create a single cat] ../callarray/kitten-create.feature.passed
Given url demoBaseUrl.......................................................passed
And path 'cats'.............................................................passed
And request { name: '#(name)' }.............................................passed
When method post............................................................passed
Then status 200.............................................................passed
* call[3] [re-usable feature to create a single cat] ../callarray/kitten-create.feature.passed
Given url demoBaseUrl.......................................................passed
And path 'cats'.............................................................passed
And request { name: '#(name)' }.............................................passed
When method post............................................................passed
Then status 200.............................................................passed
* call[4] [re-usable feature to create a single cat] ../callarray/kitten-create.feature.passed
Given url demoBaseUrl.......................................................passed
And path 'cats'.............................................................passed
And request { name: '#(name)' }.............................................passed
When method post............................................................passed
Then status 200.............................................................passed
* def result1 = call creator kittens........................................passed
* def created = $result1[*].response........................................passed
* assert created.length == 5................................................passed
* match each created == { id: '#number', name: '#regex Kit[0-4]' }..........passed
* match created[*].name contains [ 'Kit0', 'Kit1', 'Kit2', 'Kit3', 'Kit4' ].passed
* call[0] get-cat.feature...................................................passed
* url demoBaseUrl...........................................................passed
Given path 'cats', id.......................................................passed
When method get.............................................................passed
Then status 200.............................................................passed
* call[1] get-cat.feature...................................................passed
* url demoBaseUrl...........................................................passed
Given path 'cats', id.......................................................passed
When method get.............................................................passed
Then status 200.............................................................passed
* call[2] get-cat.feature...................................................passed
* url demoBaseUrl...........................................................passed
Given path 'cats', id.......................................................passed
When method get.............................................................passed
Then status 200.............................................................passed
* call[3] get-cat.feature...................................................passed
* url demoBaseUrl...........................................................passed
Given path 'cats', id.......................................................passed
When method get.............................................................passed
Then status 200.............................................................passed
* call[4] get-cat.feature...................................................passed
* url demoBaseUrl...........................................................passed
Given path 'cats', id.......................................................passed
When method get.............................................................passed
Then status 200.............................................................passed
* def result2 = call read('get-cat.feature') created........................passed
* match result2[*].response contains created................................passed
</system-out>
   </testcase>
</testsuite>
