<?xml version="1.0" encoding="UTF-8"?>
<testsuite failures="0"
           name="tags demo - first"
           skipped="0"
           tests="2"
           time="0.080501">
   <testcase classname="demo.tags.first" name="f1 - s1" time="0.064462">
      <system-out>* print 'first feature:@smoke, first scenario'..............................passed
</system-out>
   </testcase>
   <testcase classname="demo.tags.first" name="f1 - s2" time="0.016039">
      <system-out>* print 'first feature:@smoke, second scenario:@fire'.......................passed
</system-out>
   </testcase>
</testsuite>
