<?xml version="1.0" encoding="UTF-8"?>
<testsuite failures="0"
           name="test set-up routines that run only once, similar to how @BeforeClass works"
           skipped="0"
           tests="3"
           time="1.357718">
   <testcase classname="demo.callonce.call-once"
             name="various tests on the cats created (1)"
             time="1.315014">
      <system-out>* call [common routine that does not update headers] classpath:demo/headers/common-noheaders.feature.passed
Given url demoBaseUrl.......................................................passed
And path 'headers'..........................................................passed
When method get.............................................................passed
Then status 200.............................................................passed
* def time = responseCookies.time.value.....................................passed
* def token = response......................................................passed
* url demoBaseUrl...........................................................passed
* table kittens.............................................................passed
* call[0] [re-usable feature to create a single cat] ../callarray/kitten-create.feature.passed
Given url demoBaseUrl.......................................................passed
And path 'cats'.............................................................passed
And request { name: '#(name)' }.............................................passed
When method post............................................................passed
Then status 200.............................................................passed
* call[1] [re-usable feature to create a single cat] ../callarray/kitten-create.feature.passed
Given url demoBaseUrl.......................................................passed
And path 'cats'.............................................................passed
And request { name: '#(name)' }.............................................passed
When method post............................................................passed
Then status 200.............................................................passed
* call[2] [re-usable feature to create a single cat] ../callarray/kitten-create.feature.passed
Given url demoBaseUrl.......................................................passed
And path 'cats'.............................................................passed
And request { name: '#(name)' }.............................................passed
When method post............................................................passed
Then status 200.............................................................passed
* def result = callonce read('../callarray/kitten-create.feature') kittens..passed
Given path 'cats'...........................................................passed
When method get.............................................................passed
Then status 200.............................................................passed
And match response[*].name contains 'Bob'...................................passed
</system-out>
   </testcase>
   <testcase classname="demo.callonce.call-once"
             name="various tests on the cats created (2)"
             time="0.01359">
      <system-out>* url demoBaseUrl...........................................................passed
* table kittens.............................................................passed
* def result = callonce read('../callarray/kitten-create.feature') kittens..passed
Given path 'cats'...........................................................passed
When method get.............................................................passed
Then status 200.............................................................passed
And match response[*].name contains 'Nyan'..................................passed
</system-out>
   </testcase>
   <testcase classname="demo.callonce.call-once"
             name="create a cat with kittens"
             time="0.029114">
      <system-out>* url demoBaseUrl...........................................................passed
* table kittens.............................................................passed
* def result = callonce read('../callarray/kitten-create.feature') kittens..passed
* def created = $result[*].response.........................................passed
Given path 'cats'...........................................................passed
And request { name: 'Billie', kittens: '#(created)' }.......................passed
When method post............................................................passed
Then status 200.............................................................passed
And match response.kittens[*].name contains only ['Bob', 'Wild', 'Nyan']....passed
And match response.kittens[*].name contains only $kittens[*].name...........passed
</system-out>
   </testcase>
</testsuite>
